<?xml version="1.0" encoding="UTF-8"?>
<robot generator="Robot 7.0 (Python 3.12.1 on win32)" generated="2024-02-09T16:37:22.796130" rpa="false" schemaversion="5">
<suite id="s1" name="Iseng" source="C:\Users\CTAS131\Test-ESB\test\iseng.robot">
<test id="s1-t1" name="Upload file" line="14">
<kw name="Upload Something">
<kw name="Open Browser" owner="SeleniumLibrary">
<msg time="2024-02-09T16:37:23.037188" level="INFO">Opening browser 'Edge' to base url 'https://smallpdf.com/pdf-converter'.</msg>
<arg>${URL_WTP}</arg>
<arg>${BROWSER}</arg>
<doc>Opens a new browser instance to the optional ``url``.</doc>
<status status="PASS" start="2024-02-09T16:37:23.037188" elapsed="4.521284"/>
</kw>
<kw name="Click Element" owner="SeleniumLibrary">
<msg time="2024-02-09T16:37:27.558472" level="INFO">Clicking element 'xpath=//*[@id="app"]/div/div[1]/header/div[2]/div/div/label/div/div[2]/form/label/div/div[2]/button[1]/span'.</msg>
<arg>xpath=//*[@id="app"]/div/div[1]/header/div[2]/div/div/label/div/div[2]/form/label/div/div[2]/button[1]/span</arg>
<doc>Click the element identified by ``locator``.</doc>
<status status="PASS" start="2024-02-09T16:37:27.558472" elapsed="0.039455"/>
</kw>
<kw name="Get File For Streaming Upload" owner="RequestsLibrary">
<arg>C:\\Users\\CTAS131\\Downloads\\file-sample_100kB.doc</arg>
<doc>Opens and returns a file descriptor of a specified file to be passed as ``data`` parameter
to other requests keywords.</doc>
<status status="PASS" start="2024-02-09T16:37:27.597927" elapsed="0.001001"/>
</kw>
<status status="PASS" start="2024-02-09T16:37:23.036066" elapsed="4.562862"/>
</kw>
<status status="PASS" start="2024-02-09T16:37:23.036066" elapsed="4.562862"/>
</test>
<status status="PASS" start="2024-02-09T16:37:22.798193" elapsed="4.800735"/>
</suite>
<statistics>
<total>
<stat pass="1" fail="0" skip="0">All Tests</stat>
</total>
<tag>
</tag>
<suite>
<stat pass="1" fail="0" skip="0" id="s1" name="Iseng">Iseng</stat>
</suite>
</statistics>
<errors>
</errors>
</robot>
